<?xml version="1.0" encoding="UTF-8"?>
<!-- Generated by org.testng.reporters.JUnitReportReporter -->
<testsuite hostname="APL-1GMXB63" failures="0" tests="3" name="com.Assignment_POM.Login_MultipleWebSites" time="53.421" errors="0" timestamp="2023-05-25T12:34:06 IST" skipped="0">
  <testcase classname="com.Assignment_POM.Login_MultipleWebSites" name="StoreLoginverify" time="16.624"/>
  <system-out/>
  <testcase classname="com.Assignment_POM.Login_MultipleWebSites" name="HollandBarrettLoginverify" time="21.602"/>
  <system-out/>
  <testcase classname="com.Assignment_POM.Login_MultipleWebSites" name="OrangeHrmLoginverify" time="15.195"/>
  <system-out/>
</testsuite> <!-- com.Assignment_POM.Login_MultipleWebSites -->
